<?xml version="1.0" encoding="UTF-8"?>
<!-- Generated by org.testng.reporters.JUnitReportReporter -->
<testsuite hostname="VAIO" failures="0" tests="2" name="qaclickacademy.Mavenjava.APITest" time="0.028" errors="0" timestamp="2020-10-13T23:48:00 EDT" skipped="0">
  <testcase classname="qaclickacademy.Mavenjava.APITest" name="postJira" time="0.016"/>
  <system-out/>
  <testcase classname="qaclickacademy.Mavenjava.APITest" name="deleteTwitter" time="0.012"/>
  <system-out/>
</testsuite> <!-- qaclickacademy.Mavenjava.APITest -->
