<?xml version="1.0" encoding="UTF-8"?>
<!-- Generated by org.testng.reporters.JUnitReportReporter -->
<testsuite hostname="VAIO" failures="0" tests="1" name="qaclickacademy.Mavenjava.APITest" time="0.011" errors="0" timestamp="2020-10-15T19:08:00 EDT" skipped="0">
  <testcase classname="qaclickacademy.Mavenjava.APITest" name="postJira" time="0.011"/>
  <system-out/>
</testsuite> <!-- qaclickacademy.Mavenjava.APITest -->
