<?xml version="1.0" encoding="UTF-8"?>
<!-- Generated by org.testng.reporters.JUnitReportReporter -->
<testsuite hostname="VAIO" failures="0" tests="2" name="qaclickacademy.Mavenjava.AppiumTest" time="0.009" errors="0" timestamp="2020-10-14T00:23:25 EDT" skipped="0">
  <testcase classname="qaclickacademy.Mavenjava.AppiumTest" name="NativeAppAndroid" time="0.001"/>
  <system-out/>
  <testcase classname="qaclickacademy.Mavenjava.AppiumTest" name="IOSApps" time="0.008"/>
  <system-out/>
</testsuite> <!-- qaclickacademy.Mavenjava.AppiumTest -->
